<?xml version="1.0" encoding="UTF-8"?>
<traceability>
	<object id="!ed/2035/44BF/F60/53d61a87826">
		<requirement id="Engines_HLR_497"/>
		<requirement id="Engines_HLR_477"/>
		<requirement id="Engines_HLR_502"/>
		<requirement id="Engines_HLR_524"/>
	</object>
	<object id="!ed/511f/3DB7/19B0/53d62cea34e">
		<requirement id="Engines_HLR_487"/>
		<requirement id="Engines_HLR_478"/>
		<requirement id="Engines_HLR_479"/>
		<requirement id="Engines_HLR_557"/>
		<requirement id="Engines_HLR_488"/>
		<requirement id="Engines_HLR_489"/>
		<requirement id="Engines_HLR_495"/>
		<requirement id="Engines_HLR_494"/>
	</object>
	<object id="!ed/2179/7902/1094/53d6fa684b97">
		<requirement id="Engines_HLR_516"/>
		<requirement id="Engines_HLR_559"/>
		<requirement id="Engines_HLR_515"/>
		<requirement id="Engines_HLR_514"/>
		<requirement id="Engines_HLR_513"/>
		<requirement id="Engines_HLR_560"/>
		<requirement id="Engines_HLR_511"/>
		<requirement id="Engines_HLR_509"/>
		<requirement id="Engines_HLR_508"/>
		<requirement id="Engines_HLR_507"/>
		<requirement id="Engines_HLR_506"/>
		<requirement id="Engines_HLR_522"/>
		<requirement id="Engines_HLR_521"/>
		<requirement id="Engines_HLR_558"/>
		<requirement id="Engines_HLR_520"/>
	</object>
	<object id="!ed/52fc/3DB7/19B0/53d6343f547f">
		<requirement id="Engines_HLR_481"/>
		<requirement id="Engines_HLR_479"/>
		<requirement id="Engines_HLR_478"/>
		<requirement id="Engines_HLR_495"/>
		<requirement id="Engines_HLR_494"/>
		<requirement id="Engines_HLR_493"/>
		<requirement id="Engines_HLR_563"/>
		<requirement id="Engines_HLR_492"/>
	</object>
</traceability>
