<?xml version="1.0" encoding="UTF-8"?>
<traceability>
	<object id="!ed/3dee/4AD/AB8/53ad2af1532">
		<requirement id="Engines_HLR_376"/>
		<requirement id="Engines_HLR_386"/>
	</object>
	<object id="!ed/16cda/8A1/8B0/53ad2d9d1052">
		<requirement id="Engines_HLR_384"/>
		<requirement id="Engines_HLR_389"/>
	</object>
	<object id="!ed/3dec/4AD/AB8/53ad294f3252">
		<requirement id="Engines_HLR_384"/>
		<requirement id="Engines_HLR_385"/>
		<requirement id="Engines_HLR_390"/>
		<requirement id="Engines_HLR_389"/>
		<requirement id="Engines_HLR_380"/>
		<requirement id="Engines_HLR_381"/>
		<requirement id="Engines_HLR_382"/>
		<requirement id="Engines_HLR_393"/>
		<requirement id="Engines_HLR_392"/>
		<requirement id="Engines_HLR_391"/>
	</object>
	<object id="!ed/3f39/4BC1/C94/53b2607e39f6">
		<requirement id="Engines_HLR_381"/>
		<requirement id="Engines_HLR_392"/>
	</object>
</traceability>
